📻 Jambox Server 📻
2023-11-20T12:35:45.636Z jambox.core Reset
2023-11-20T12:35:45.643Z jambox.server Jambox http://localhost:9000/. Proxy https://localhost:8000
2023-11-20T12:35:45.912Z jambox.config Load new config at /Users/mhamlin/dev/personal/jambox-cy-task-config-issue/jambox.config.js
2023-11-20T12:35:45.912Z jambox.core Reset
2023-11-20T12:35:45.913Z jambox.config Watching /Users/mhamlin/dev/personal/jambox-cy-task-config-issue/jambox.config.js for changes
2023-11-20T12:36:21.206Z jambox.core Reset
Error on client socket Error: read ECONNRESET
    at TCP.onStreamRead (node:internal/stream_base_commons:217:20)
    at TCP.callbackTrampoline (node:internal/async_hooks:130:17) {
  errno: -54,
  code: 'ECONNRESET',
  syscall: 'read'
}
Response error: read ECONNRESET
Error on client socket Error: read ECONNRESET
    at TCP.onStreamRead (node:internal/stream_base_commons:217:20)
    at TCP.callbackTrampoline (node:internal/async_hooks:130:17) {
  errno: -54,
  code: 'ECONNRESET',
  syscall: 'read'
}
Response error: read ECONNRESET
2023-11-20T12:38:50.870Z jambox.core Reset
2023-11-20T12:39:00.370Z jambox.core Reset
Error on client socket Error: read ECONNRESET
    at TCP.onStreamRead (node:internal/stream_base_commons:217:20)
    at TCP.callbackTrampoline (node:internal/async_hooks:130:17) {
  errno: -54,
  code: 'ECONNRESET',
  syscall: 'read'
}
Response error: read ECONNRESET
Error on client socket Error: read ECONNRESET
    at TCP.onStreamRead (node:internal/stream_base_commons:217:20)
    at TCP.callbackTrampoline (node:internal/async_hooks:130:17) {
  errno: -54,
  code: 'ECONNRESET',
  syscall: 'read'
}
Response error: read ECONNRESET
2023-11-20T12:39:17.570Z jambox.core Reset
2023-11-20T12:39:35.599Z jambox.core Reset
2023-11-20T12:39:48.699Z jambox.core Reset
2023-11-20T12:40:32.090Z jambox.core Reset
2023-11-20T12:40:43.126Z jambox.core Reset
2023-11-20T12:40:43.712Z jambox.core Reset
2023-11-20T12:40:44.055Z jambox.core Reset
2023-11-20T12:40:44.556Z jambox.core Reset
2023-11-20T12:40:44.916Z jambox.core Reset
2023-11-20T12:40:45.422Z jambox.core Reset
2023-11-20T12:40:45.784Z jambox.core Reset
2023-11-20T12:40:46.301Z jambox.core Reset
2023-11-20T12:40:46.652Z jambox.core Reset
(node:27730) MaxListenersExceededWarning: Possible EventEmitter memory leak detected. 11 close listeners added to [Socket]. Use emitter.setMaxListeners() to increase limit
(Use `node --trace-warnings ...` to show where the warning was created)
2023-11-20T12:40:47.169Z jambox.core Reset
2023-11-20T12:40:47.521Z jambox.core Reset
2023-11-20T12:40:48.033Z jambox.core Reset
2023-11-20T12:40:48.320Z jambox.core Reset
2023-11-20T12:40:48.882Z jambox.core Reset
2023-11-20T12:40:49.137Z jambox.core Reset
2023-11-20T12:40:49.647Z jambox.core Reset
2023-11-20T12:40:49.922Z jambox.core Reset
2023-11-20T12:40:50.178Z jambox.core Reset
2023-11-20T12:40:50.673Z jambox.core Reset
2023-11-20T12:40:50.958Z jambox.core Reset
2023-11-20T12:40:51.480Z jambox.core Reset
2023-11-20T12:40:51.760Z jambox.core Reset
2023-11-20T12:40:52.279Z jambox.core Reset
2023-11-20T12:40:52.624Z jambox.core Reset
2023-11-20T12:40:53.138Z jambox.core Reset
2023-11-20T12:40:53.427Z jambox.core Reset
2023-11-20T12:40:53.939Z jambox.core Reset
2023-11-20T12:40:54.217Z jambox.core Reset
2023-11-20T12:40:54.699Z jambox.core Reset
2023-11-20T12:40:54.988Z jambox.core Reset
2023-11-20T12:40:55.489Z jambox.core Reset
2023-11-20T12:44:05.554Z jambox.core Reset
2023-11-20T12:44:17.340Z jambox.core Reset
2023-11-20T12:44:18.403Z jambox.core Reset
2023-11-20T12:44:18.689Z jambox.core Reset
2023-11-20T12:44:19.202Z jambox.core Reset
2023-11-20T12:44:19.516Z jambox.core Reset
2023-11-20T12:44:20.015Z jambox.core Reset
2023-11-20T12:44:20.297Z jambox.core Reset
2023-11-20T12:44:20.812Z jambox.core Reset
2023-11-20T12:44:21.100Z jambox.core Reset
(node:27730) MaxListenersExceededWarning: Possible EventEmitter memory leak detected. 11 close listeners added to [Socket]. Use emitter.setMaxListeners() to increase limit
2023-11-20T12:44:21.588Z jambox.core Reset
2023-11-20T12:44:21.881Z jambox.core Reset
2023-11-20T12:44:22.383Z jambox.core Reset
2023-11-20T12:44:22.650Z jambox.core Reset
2023-11-20T13:11:33.210Z jambox.core Reset
2023-11-20T13:11:58.741Z jambox.config Update existing config /Users/mhamlin/dev/personal/jambox-cy-task-config-issue/jambox.config.js
2023-11-20T13:11:58.741Z jambox.core Reset
2023-11-20T13:12:00.400Z jambox.config Update existing config /Users/mhamlin/dev/personal/jambox-cy-task-config-issue/jambox.config.js
2023-11-20T13:12:00.402Z jambox.core Reset
2023-11-20T13:12:24.699Z jambox.core Reset
2023-11-20T13:16:11.098Z jambox.core Reset
2023-11-20T13:16:19.025Z jambox.core Reset
Response error: read ECONNRESET
Error on client socket Error: read ECONNRESET
    at TCP.onStreamRead (node:internal/stream_base_commons:217:20)
    at TCP.callbackTrampoline (node:internal/async_hooks:130:17) {
  errno: -54,
  code: 'ECONNRESET',
  syscall: 'read'
}
Response error: read ECONNRESET
Response error: read ECONNRESET
Error on client socket Error: read ECONNRESET
    at TCP.onStreamRead (node:internal/stream_base_commons:217:20)
    at TCP.callbackTrampoline (node:internal/async_hooks:130:17) {
  errno: -54,
  code: 'ECONNRESET',
  syscall: 'read'
}
Response error: read ECONNRESET
Response error: read ECONNRESET
Error on client socket Error: read ECONNRESET
    at TCP.onStreamRead (node:internal/stream_base_commons:217:20)
    at TCP.callbackTrampoline (node:internal/async_hooks:130:17) {
  errno: -54,
  code: 'ECONNRESET',
  syscall: 'read'
}
Response error: read ECONNRESET
Response error: read ECONNRESET
Error on client socket Error: read ECONNRESET
    at TCP.onStreamRead (node:internal/stream_base_commons:217:20)
    at TCP.callbackTrampoline (node:internal/async_hooks:130:17) {
  errno: -54,
  code: 'ECONNRESET',
  syscall: 'read'
}
Response error: read ECONNRESET
Response error: read ECONNRESET
Error on client socket Error: read ECONNRESET
    at TCP.onStreamRead (node:internal/stream_base_commons:217:20)
    at TCP.callbackTrampoline (node:internal/async_hooks:130:17) {
  errno: -54,
  code: 'ECONNRESET',
  syscall: 'read'
}
Response error: read ECONNRESET
Error on client socket Error: read ECONNRESET
    at TCP.onStreamRead (node:internal/stream_base_commons:217:20)
    at TCP.callbackTrampoline (node:internal/async_hooks:130:17) {
  errno: -54,
  code: 'ECONNRESET',
  syscall: 'read'
}
Response error: read ECONNRESET
Response error: read ECONNRESET
2023-11-20T13:17:08.320Z jambox.core Reset
2023-11-20T13:17:27.612Z jambox.core Reset
2023-11-20T13:17:53.078Z jambox.core Reset
2023-11-20T13:17:54.190Z jambox.core Reset
2023-11-20T13:19:45.122Z jambox.core Reset
Failed to handle request: socket hang up
2023-11-20T13:19:45.683Z jambox.core Reset
2023-11-20T13:19:56.356Z jambox.core Reset
2023-11-20T13:19:57.490Z jambox.core Reset
2023-11-20T13:20:49.298Z jambox.core Reset
2023-11-20T13:20:54.431Z jambox.core Reset
2023-11-20T13:22:23.782Z jambox.core Reset
2023-11-20T13:22:36.339Z jambox.core Reset
2023-11-20T13:22:42.025Z jambox.core Reset
2023-11-20T13:23:30.854Z jambox.core Reset
2023-11-20T13:23:36.234Z jambox.core Reset
2023-11-20T13:24:33.335Z jambox.core Reset
2023-11-20T13:24:38.518Z jambox.core Reset
2023-11-20T13:28:54.102Z jambox.core Reset
2023-11-20T13:28:59.247Z jambox.core Reset
2023-11-20T13:29:19.160Z jambox.core Reset
2023-11-20T13:29:24.320Z jambox.core Reset
